0 info it worked if it ends with ok
1 verbose cli [ '/usr/bin/node', '/usr/bin/npm', 'install', 'x_lib', '--save' ]
2 info using npm@1.4.28
3 info using node@v0.10.37
4 verbose node symlink /usr/bin/node
5 verbose config Skipping project config: /home/shikitan/.npmrc. (matches userconfig)
6 verbose cache add [ 'x_lib', null ]
7 verbose cache add name=undefined spec="x_lib" args=["x_lib",null]
8 verbose parsed url { protocol: null,
8 verbose parsed url   slashes: null,
8 verbose parsed url   auth: null,
8 verbose parsed url   host: null,
8 verbose parsed url   port: null,
8 verbose parsed url   hostname: null,
8 verbose parsed url   hash: null,
8 verbose parsed url   search: null,
8 verbose parsed url   query: null,
8 verbose parsed url   pathname: 'x_lib',
8 verbose parsed url   path: 'x_lib',
8 verbose parsed url   href: 'x_lib' }
9 silly lockFile 5e55d0a6-x-lib x_lib
10 verbose lock x_lib /home/shikitan/.npm/5e55d0a6-x-lib.lock
11 silly lockFile 5e55d0a6-x-lib x_lib
12 silly lockFile 5e55d0a6-x-lib x_lib
13 verbose addNamed [ 'x_lib', '' ]
14 verbose addNamed [ null, '*' ]
15 silly lockFile 4060e33c-x-lib x_lib@
16 verbose lock x_lib@ /home/shikitan/.npm/4060e33c-x-lib.lock
17 silly addNameRange { name: 'x_lib', range: '*', hasData: false }
18 verbose request where is /x_lib
19 verbose request registry https://registry.npmjs.org/
20 verbose request id 555cdcb09fb2a6c7
21 verbose url raw /x_lib
22 verbose url resolving [ 'https://registry.npmjs.org/', './x_lib' ]
23 verbose url resolved https://registry.npmjs.org/x_lib
24 verbose request where is https://registry.npmjs.org/x_lib
25 info trying registry request attempt 1 at 10:10:42
26 http GET https://registry.npmjs.org/x_lib
27 http 404 https://registry.npmjs.org/x_lib
28 silly registry.get cb [ 404,
28 silly registry.get   { 'content-type': 'application/json',
28 silly registry.get     'cache-control': 'max-age=0',
28 silly registry.get     'content-length': '2',
28 silly registry.get     'accept-ranges': 'bytes',
28 silly registry.get     date: 'Sat, 20 Feb 2016 17:10:44 GMT',
28 silly registry.get     via: '1.1 varnish',
28 silly registry.get     age: '0',
28 silly registry.get     connection: 'keep-alive',
28 silly registry.get     'x-served-by': 'cache-sjc3124-SJC',
28 silly registry.get     'x-cache': 'MISS',
28 silly registry.get     'x-cache-hits': '0',
28 silly registry.get     'x-timer': 'S1455988244.416797,VS0,VE347' } ]
29 silly lockFile 4060e33c-x-lib x_lib@
30 silly lockFile 4060e33c-x-lib x_lib@
31 error 404 Not Found
31 error 404
31 error 404 'x_lib' is not in the npm registry.
31 error 404 You should bug the author to publish it
31 error 404
31 error 404 Note that you can also install from a
31 error 404 tarball, folder, or http url, or git url.
32 error System Linux 3.19.0-25-generic
33 error command "/usr/bin/node" "/usr/bin/npm" "install" "x_lib" "--save"
34 error cwd /home/shikitan/github/digitalStorytelling/frontend
35 error node -v v0.10.37
36 error npm -v 1.4.28
37 error code E404
38 verbose exit [ 1, true ]
